<?xml version="1.0" encoding="UTF-8" ?>
<testsuite tests="111" failures="0" name="TestSuite" time="4.691" errors="0" skipped="0">
  <properties>
    <property name="java.runtime.name" value="Java(TM) SE Runtime Environment"/>
    <property name="sun.boot.library.path" value="/Library/Java/JavaVirtualMachines/jdk1.8.0_191.jdk/Contents/Home/jre/lib"/>
    <property name="java.vm.version" value="25.191-b12"/>
    <property name="gopherProxySet" value="false"/>
    <property name="java.vm.vendor" value="Oracle Corporation"/>
    <property name="maven.multiModuleProjectDirectory" value="/Users/jeremyflores/code/namazu/socialengine-java-server"/>
    <property name="java.vendor.url" value="http://java.oracle.com/"/>
    <property name="path.separator" value=":"/>
    <property name="guice.disable.misplaced.annotation.check" value="true"/>
    <property name="java.vm.name" value="Java HotSpot(TM) 64-Bit Server VM"/>
    <property name="file.encoding.pkg" value="sun.io"/>
    <property name="user.country" value="US"/>
    <property name="sun.java.launcher" value="SUN_STANDARD"/>
    <property name="sun.os.patch.level" value="unknown"/>
    <property name="java.vm.specification.name" value="Java Virtual Machine Specification"/>
    <property name="user.dir" value="/Users/jeremyflores/code/namazu/socialengine-java-server"/>
    <property name="java.runtime.version" value="1.8.0_191-b12"/>
    <property name="java.awt.graphicsenv" value="sun.awt.CGraphicsEnvironment"/>
    <property name="java.endorsed.dirs" value="/Library/Java/JavaVirtualMachines/jdk1.8.0_191.jdk/Contents/Home/jre/lib/endorsed"/>
    <property name="os.arch" value="x86_64"/>
    <property name="java.io.tmpdir" value="/var/folders/40/7sd055_d1z17_wp8t02r__jw0000gn/T/"/>
    <property name="line.separator" value="
"/>
    <property name="java.vm.specification.vendor" value="Oracle Corporation"/>
    <property name="os.name" value="Mac OS X"/>
    <property name="classworlds.conf" value="/Users/jeremyflores/code/_maven/bin/m2.conf"/>
    <property name="sun.jnu.encoding" value="UTF-8"/>
    <property name="java.library.path" value="/Users/jeremyflores/Library/Java/Extensions:/Library/Java/Extensions:/Network/Library/Java/Extensions:/System/Library/Java/Extensions:/usr/lib/java:."/>
    <property name="maven.conf" value="/Users/jeremyflores/code/_maven/conf"/>
    <property name="java.specification.name" value="Java Platform API Specification"/>
    <property name="java.class.version" value="52.0"/>
    <property name="sun.management.compiler" value="HotSpot 64-Bit Tiered Compilers"/>
    <property name="os.version" value="10.14"/>
    <property name="library.jansi.path" value="/Users/jeremyflores/code/_maven/lib/jansi-native"/>
    <property name="http.nonProxyHosts" value="local|*.local|169.254/16|*.169.254/16"/>
    <property name="user.home" value="/Users/jeremyflores"/>
    <property name="user.timezone" value="America/Los_Angeles"/>
    <property name="java.awt.printerjob" value="sun.lwawt.macosx.CPrinterJob"/>
    <property name="java.specification.version" value="1.8"/>
    <property name="file.encoding" value="UTF-8"/>
    <property name="user.name" value="jeremyflores"/>
    <property name="java.class.path" value="/Users/jeremyflores/code/_maven/boot/plexus-classworlds-2.5.2.jar"/>
    <property name="java.vm.specification.version" value="1.8"/>
    <property name="sun.arch.data.model" value="64"/>
    <property name="java.home" value="/Library/Java/JavaVirtualMachines/jdk1.8.0_191.jdk/Contents/Home/jre"/>
    <property name="sun.java.command" value="org.codehaus.plexus.classworlds.launcher.Launcher test"/>
    <property name="java.specification.vendor" value="Oracle Corporation"/>
    <property name="user.language" value="en"/>
    <property name="awt.toolkit" value="sun.lwawt.macosx.LWCToolkit"/>
    <property name="java.vm.info" value="mixed mode"/>
    <property name="java.version" value="1.8.0_191"/>
    <property name="java.ext.dirs" value="/Users/jeremyflores/Library/Java/Extensions:/Library/Java/JavaVirtualMachines/jdk1.8.0_191.jdk/Contents/Home/jre/lib/ext:/Library/Java/Extensions:/Network/Library/Java/Extensions:/System/Library/Java/Extensions:/usr/lib/java"/>
    <property name="sun.boot.class.path" value="/Library/Java/JavaVirtualMachines/jdk1.8.0_191.jdk/Contents/Home/jre/lib/resources.jar:/Library/Java/JavaVirtualMachines/jdk1.8.0_191.jdk/Contents/Home/jre/lib/rt.jar:/Library/Java/JavaVirtualMachines/jdk1.8.0_191.jdk/Contents/Home/jre/lib/sunrsasign.jar:/Library/Java/JavaVirtualMachines/jdk1.8.0_191.jdk/Contents/Home/jre/lib/jsse.jar:/Library/Java/JavaVirtualMachines/jdk1.8.0_191.jdk/Contents/Home/jre/lib/jce.jar:/Library/Java/JavaVirtualMachines/jdk1.8.0_191.jdk/Contents/Home/jre/lib/charsets.jar:/Library/Java/JavaVirtualMachines/jdk1.8.0_191.jdk/Contents/Home/jre/lib/jfr.jar:/Library/Java/JavaVirtualMachines/jdk1.8.0_191.jdk/Contents/Home/jre/classes"/>
    <property name="java.vendor" value="Oracle Corporation"/>
    <property name="maven.home" value="/Users/jeremyflores/code/_maven"/>
    <property name="file.separator" value="/"/>
    <property name="java.vendor.url.bug" value="http://bugreport.sun.com/bugreport/"/>
    <property name="sun.cpu.endian" value="little"/>
    <property name="sun.io.unicode.encoding" value="UnicodeBig"/>
    <property name="socksNonProxyHosts" value="local|*.local|169.254/16|*.169.254/16"/>
    <property name="ftp.nonProxyHosts" value="local|*.local|169.254/16|*.169.254/16"/>
    <property name="sun.cpu.isalist" value=""/>
  </properties>
  <testcase classname="com.namazustudios.socialengine.LuaGameOnSessionUnitTest" name="performAuthTest" time="0.627"/>
  <testcase classname="com.namazustudios.socialengine.LuaGameOnSessionUnitTest" name="performAuthTest" time="0.055"/>
  <testcase classname="com.namazustudios.socialengine.LuaGameOnSessionUnitTest" name="performAuthTest" time="0.071"/>
  <testcase classname="com.namazustudios.socialengine.LuaGameOnSessionUnitTest" name="performAuthTest" time="0.049"/>
  <testcase classname="com.namazustudios.socialengine.LuaGameOnSessionUnitTest" name="performAuthTest" time="0.054"/>
  <testcase classname="com.namazustudios.socialengine.LuaGameOnSessionUnitTest" name="performAuthTest" time="0.044"/>
  <testcase classname="com.namazustudios.socialengine.LuaGameOnSessionUnitTest" name="performAuthTest" time="0.04"/>
  <testcase classname="com.namazustudios.socialengine.LuaGameOnSessionUnitTest" name="performAuthTest" time="0.042"/>
  <testcase classname="com.namazustudios.socialengine.LuaGameOnSessionUnitTest" name="performAuthTest" time="0.04"/>
  <testcase classname="com.namazustudios.socialengine.LuaGameOnSessionUnitTest" name="performAuthTest" time="0.048"/>
  <testcase classname="com.namazustudios.socialengine.LuaGameOnSessionUnitTest" name="performAuthTest" time="0.037"/>
  <testcase classname="com.namazustudios.socialengine.LuaGameOnSessionUnitTest" name="performAuthTest" time="0.039"/>
  <testcase classname="com.namazustudios.socialengine.LuaGameOnSessionUnitTest" name="performAuthTest" time="0.039"/>
  <testcase classname="com.namazustudios.socialengine.LuaGameOnSessionUnitTest" name="performAuthTest" time="0.041"/>
  <testcase classname="com.namazustudios.socialengine.LuaGameOnSessionUnitTest" name="performAuthTest" time="0.04"/>
  <testcase classname="com.namazustudios.socialengine.LuaGameOnSessionUnitTest" name="performAuthTest" time="0.043"/>
  <testcase classname="com.namazustudios.socialengine.LuaGameOnSessionUnitTest" name="performAuthTest" time="0.043"/>
  <testcase classname="com.namazustudios.socialengine.LuaGameOnSessionUnitTest" name="performAuthTest" time="0.046"/>
  <testcase classname="com.namazustudios.socialengine.LuaGameOnSessionUnitTest" name="performAuthTest" time="0.04"/>
  <testcase classname="com.namazustudios.socialengine.LuaGameOnSessionUnitTest" name="performAuthTest" time="0.043"/>
  <testcase classname="com.namazustudios.socialengine.LuaGameOnSessionUnitTest" name="performAuthTest" time="0.036"/>
  <testcase classname="com.namazustudios.socialengine.LuaGameOnSessionUnitTest" name="performAuthTest" time="0.036"/>
  <testcase classname="com.namazustudios.socialengine.LuaGameOnSessionUnitTest" name="performAuthTest" time="0.035"/>
  <testcase classname="com.namazustudios.socialengine.LuaGameOnSessionUnitTest" name="performAuthTest" time="0.037"/>
  <testcase classname="com.namazustudios.socialengine.LuaGameOnSessionUnitTest" name="performAuthTest" time="0.041"/>
  <testcase classname="com.namazustudios.socialengine.LuaGameOnSessionUnitTest" name="performAuthTest" time="0.049"/>
  <testcase classname="com.namazustudios.socialengine.LuaGameOnSessionUnitTest" name="performAuthTest" time="0.042"/>
  <testcase classname="com.namazustudios.socialengine.LuaGameOnSessionUnitTest" name="performAuthTest" time="0.036"/>
  <testcase classname="com.namazustudios.socialengine.LuaGameOnSessionUnitTest" name="performAuthTest" time="0.056"/>
  <testcase classname="com.namazustudios.socialengine.LuaGameOnSessionUnitTest" name="performAuthTest" time="0.058"/>
  <testcase classname="com.namazustudios.socialengine.LuaGameOnSessionUnitTest" name="performAuthTest" time="0.037"/>
  <testcase classname="com.namazustudios.socialengine.LuaGameOnSessionUnitTest" name="performAuthTest" time="0.038"/>
  <testcase classname="com.namazustudios.socialengine.LuaGameOnSessionUnitTest" name="performAuthTest" time="0.044"/>
  <testcase classname="com.namazustudios.socialengine.LuaGameOnSessionUnitTest" name="performMatchClientTest" time="0.04"/>
  <testcase classname="com.namazustudios.socialengine.LuaGameOnSessionUnitTest" name="performRefreshFailureTest" time="0.048"/>
  <testcase classname="com.namazustudios.socialengine.LuaGameOnSessionUnitTest" name="performRefreshFailureTest" time="0.037"/>
  <testcase classname="com.namazustudios.socialengine.LuaGameOnSessionUnitTest" name="performRefreshFailureTest" time="0.033"/>
  <testcase classname="com.namazustudios.socialengine.LuaGameOnSessionUnitTest" name="performRefreshFailureTest" time="0.035"/>
  <testcase classname="com.namazustudios.socialengine.LuaGameOnSessionUnitTest" name="performRefreshFailureTest" time="0.032"/>
  <testcase classname="com.namazustudios.socialengine.LuaGameOnSessionUnitTest" name="performRefreshFailureTest" time="0.033"/>
  <testcase classname="com.namazustudios.socialengine.LuaGameOnSessionUnitTest" name="performRefreshFailureTest" time="0.03"/>
  <testcase classname="com.namazustudios.socialengine.LuaGameOnSessionUnitTest" name="performRefreshFailureTest" time="0.038"/>
  <testcase classname="com.namazustudios.socialengine.LuaGameOnSessionUnitTest" name="performRefreshFailureTest" time="0.031"/>
  <testcase classname="com.namazustudios.socialengine.LuaGameOnSessionUnitTest" name="performRefreshFailureTest" time="0.032"/>
  <testcase classname="com.namazustudios.socialengine.LuaGameOnSessionUnitTest" name="performRefreshFailureTest" time="0.03"/>
  <testcase classname="com.namazustudios.socialengine.LuaGameOnSessionUnitTest" name="performRefreshFailureTest" time="0.032"/>
  <testcase classname="com.namazustudios.socialengine.LuaGameOnSessionUnitTest" name="performRefreshFailureTest" time="0.031"/>
  <testcase classname="com.namazustudios.socialengine.LuaGameOnSessionUnitTest" name="performRefreshFailureTest" time="0.03"/>
  <testcase classname="com.namazustudios.socialengine.LuaGameOnSessionUnitTest" name="performRefreshFailureTest" time="0.032"/>
  <testcase classname="com.namazustudios.socialengine.LuaGameOnSessionUnitTest" name="performRefreshFailureTest" time="0.031"/>
  <testcase classname="com.namazustudios.socialengine.LuaGameOnSessionUnitTest" name="performRefreshFailureTest" time="0.032"/>
  <testcase classname="com.namazustudios.socialengine.LuaGameOnSessionUnitTest" name="performRefreshFailureTest" time="0.033"/>
  <testcase classname="com.namazustudios.socialengine.LuaGameOnSessionUnitTest" name="performRefreshFailureTest" time="0.033"/>
  <testcase classname="com.namazustudios.socialengine.LuaGameOnSessionUnitTest" name="performRefreshFailureTest" time="0.037"/>
  <testcase classname="com.namazustudios.socialengine.LuaGameOnSessionUnitTest" name="performRefreshFailureTest" time="0.035"/>
  <testcase classname="com.namazustudios.socialengine.LuaGameOnSessionUnitTest" name="performRefreshFailureTest" time="0.033"/>
  <testcase classname="com.namazustudios.socialengine.LuaGameOnSessionUnitTest" name="performRefreshFailureTest" time="0.032"/>
  <testcase classname="com.namazustudios.socialengine.LuaGameOnSessionUnitTest" name="performRefreshFailureTest" time="0.031"/>
  <testcase classname="com.namazustudios.socialengine.LuaGameOnSessionUnitTest" name="performRefreshFailureTest" time="0.032"/>
  <testcase classname="com.namazustudios.socialengine.LuaGameOnSessionUnitTest" name="performRefreshFailureTest" time="0.029"/>
  <testcase classname="com.namazustudios.socialengine.LuaGameOnSessionUnitTest" name="performRefreshFailureTest" time="0.032"/>
  <testcase classname="com.namazustudios.socialengine.LuaGameOnSessionUnitTest" name="performRefreshFailureTest" time="0.032"/>
  <testcase classname="com.namazustudios.socialengine.LuaGameOnSessionUnitTest" name="performRefreshFailureTest" time="0.039"/>
  <testcase classname="com.namazustudios.socialengine.LuaGameOnSessionUnitTest" name="performRefreshFailureTest" time="0.034"/>
  <testcase classname="com.namazustudios.socialengine.LuaGameOnSessionUnitTest" name="performRefreshFailureTest" time="0.031"/>
  <testcase classname="com.namazustudios.socialengine.LuaGameOnSessionUnitTest" name="performRefreshFailureTest" time="0.03"/>
  <testcase classname="com.namazustudios.socialengine.LuaGameOnSessionUnitTest" name="performRefreshFailureTest" time="0.031"/>
  <testcase classname="com.namazustudios.socialengine.LuaGameOnSessionUnitTest" name="performRefreshSuccessTest" time="0.036"/>
  <testcase classname="com.namazustudios.socialengine.LuaGameOnSessionUnitTest" name="performRefreshSuccessTest" time="0.029"/>
  <testcase classname="com.namazustudios.socialengine.LuaGameOnSessionUnitTest" name="performRefreshSuccessTest" time="0.034"/>
  <testcase classname="com.namazustudios.socialengine.LuaGameOnSessionUnitTest" name="performRefreshSuccessTest" time="0.032"/>
  <testcase classname="com.namazustudios.socialengine.LuaGameOnSessionUnitTest" name="performRefreshSuccessTest" time="0.035"/>
  <testcase classname="com.namazustudios.socialengine.LuaGameOnSessionUnitTest" name="performRefreshSuccessTest" time="0.035"/>
  <testcase classname="com.namazustudios.socialengine.LuaGameOnSessionUnitTest" name="performRefreshSuccessTest" time="0.034"/>
  <testcase classname="com.namazustudios.socialengine.LuaGameOnSessionUnitTest" name="performRefreshSuccessTest" time="0.034"/>
  <testcase classname="com.namazustudios.socialengine.LuaGameOnSessionUnitTest" name="performRefreshSuccessTest" time="0.034"/>
  <testcase classname="com.namazustudios.socialengine.LuaGameOnSessionUnitTest" name="performRefreshSuccessTest" time="0.033"/>
  <testcase classname="com.namazustudios.socialengine.LuaGameOnSessionUnitTest" name="performRefreshSuccessTest" time="0.043"/>
  <testcase classname="com.namazustudios.socialengine.LuaGameOnSessionUnitTest" name="performRefreshSuccessTest" time="0.032"/>
  <testcase classname="com.namazustudios.socialengine.LuaGameOnSessionUnitTest" name="performRefreshSuccessTest" time="0.036"/>
  <testcase classname="com.namazustudios.socialengine.LuaGameOnSessionUnitTest" name="performRefreshSuccessTest" time="0.034"/>
  <testcase classname="com.namazustudios.socialengine.LuaGameOnSessionUnitTest" name="performRefreshSuccessTest" time="0.034"/>
  <testcase classname="com.namazustudios.socialengine.LuaGameOnSessionUnitTest" name="performRefreshSuccessTest" time="0.05"/>
  <testcase classname="com.namazustudios.socialengine.LuaGameOnSessionUnitTest" name="performRefreshSuccessTest" time="0.043"/>
  <testcase classname="com.namazustudios.socialengine.LuaGameOnSessionUnitTest" name="performRefreshSuccessTest" time="0.04"/>
  <testcase classname="com.namazustudios.socialengine.LuaGameOnSessionUnitTest" name="performRefreshSuccessTest" time="0.035"/>
  <testcase classname="com.namazustudios.socialengine.LuaGameOnSessionUnitTest" name="performRefreshSuccessTest" time="0.036"/>
  <testcase classname="com.namazustudios.socialengine.LuaGameOnSessionUnitTest" name="performRefreshSuccessTest" time="0.036"/>
  <testcase classname="com.namazustudios.socialengine.LuaGameOnSessionUnitTest" name="performRefreshSuccessTest" time="0.039"/>
  <testcase classname="com.namazustudios.socialengine.LuaGameOnSessionUnitTest" name="performRefreshSuccessTest" time="0.031"/>
  <testcase classname="com.namazustudios.socialengine.LuaGameOnSessionUnitTest" name="performRefreshSuccessTest" time="0.03"/>
  <testcase classname="com.namazustudios.socialengine.LuaGameOnSessionUnitTest" name="performRefreshSuccessTest" time="0.049"/>
  <testcase classname="com.namazustudios.socialengine.LuaGameOnSessionUnitTest" name="performRefreshSuccessTest" time="0.039"/>
  <testcase classname="com.namazustudios.socialengine.LuaGameOnSessionUnitTest" name="performRefreshSuccessTest" time="0.033"/>
  <testcase classname="com.namazustudios.socialengine.LuaGameOnSessionUnitTest" name="performRefreshSuccessTest" time="0.031"/>
  <testcase classname="com.namazustudios.socialengine.LuaGameOnSessionUnitTest" name="performRefreshSuccessTest" time="0.033"/>
  <testcase classname="com.namazustudios.socialengine.LuaGameOnSessionUnitTest" name="performRefreshSuccessTest" time="0.03"/>
  <testcase classname="com.namazustudios.socialengine.LuaGameOnSessionUnitTest" name="performRefreshSuccessTest" time="0.031"/>
  <testcase classname="com.namazustudios.socialengine.LuaGameOnSessionUnitTest" name="performRefreshSuccessTest" time="0.032"/>
  <testcase classname="com.namazustudios.socialengine.LuaGameOnSessionUnitTest" name="performRefreshSuccessTest" time="0.034"/>
  <testcase classname="com.namazustudios.socialengine.LuaAuthUnitTest" name="testAuthenticatedUser" time="0.053"/>
  <testcase classname="com.namazustudios.socialengine.LuaAuthUnitTest" name="testAuthenticatedUserRemote" time="0.053"/>
  <testcase classname="com.namazustudios.socialengine.LuaAuthUnitTest" name="testProfile" time="0.027"/>
  <testcase classname="com.namazustudios.socialengine.LuaAuthUnitTest" name="testProfileRemote" time="0.041"/>
  <testcase classname="com.namazustudios.socialengine.LuaAuthUnitTest" name="testProfileUnknown" time="0.022"/>
  <testcase classname="com.namazustudios.socialengine.LuaAuthUnitTest" name="testUnauthenticatedUser" time="0.022"/>
  <testcase classname="com.namazustudios.socialengine.LuaGameOnMatchUnitTest" name="testSubmitScore" time="0.039"/>
  <testcase classname="com.namazustudios.socialengine.LuaResourceUnitTest" name="performLuaTest" time="0.021"/>
  <testcase classname="com.namazustudios.socialengine.LuaGameOnRegistrationUnitTest" name="performRefreshFailureTest" time="0.031"/>
  <testcase classname="com.namazustudios.socialengine.LuaGameOnRegistrationUnitTest" name="performRefreshSuccessTest" time="0.029"/>
  <testcase classname="com.namazustudios.socialengine.LuaNotificationIntegrationTest" name="testSendWithBuilder" time="0.029"/>
</testsuite>