<?xml version="1.0" encoding="UTF-8"?>
<!-- Generated by org.testng.reporters.JUnitReportReporter -->
<testsuite skipped="0" hostname="Jeremys-MBP-2" name="com.namazustudios.socialengine.LuaGameOnSessionUnitTest" tests="100" failures="0" timestamp="25 Feb 2019 23:13:30 GMT" time="4.315" errors="0">
  <testcase name="performRefreshFailureTest" time="0.032" classname="com.namazustudios.socialengine.LuaGameOnSessionUnitTest"/>
  <testcase name="performRefreshSuccessTest" time="0.031" classname="com.namazustudios.socialengine.LuaGameOnSessionUnitTest"/>
  <testcase name="performRefreshFailureTest" time="0.031" classname="com.namazustudios.socialengine.LuaGameOnSessionUnitTest"/>
  <testcase name="performAuthTest" time="0.044" classname="com.namazustudios.socialengine.LuaGameOnSessionUnitTest"/>
  <testcase name="performRefreshFailureTest" time="0.033" classname="com.namazustudios.socialengine.LuaGameOnSessionUnitTest"/>
  <testcase name="performAuthTest" time="0.043" classname="com.namazustudios.socialengine.LuaGameOnSessionUnitTest"/>
  <testcase name="performRefreshFailureTest" time="0.030" classname="com.namazustudios.socialengine.LuaGameOnSessionUnitTest"/>
  <testcase name="performAuthTest" time="0.038" classname="com.namazustudios.socialengine.LuaGameOnSessionUnitTest"/>
  <testcase name="performRefreshSuccessTest" time="0.035" classname="com.namazustudios.socialengine.LuaGameOnSessionUnitTest"/>
  <testcase name="performRefreshSuccessTest" time="0.036" classname="com.namazustudios.socialengine.LuaGameOnSessionUnitTest"/>
  <testcase name="performRefreshFailureTest" time="0.031" classname="com.namazustudios.socialengine.LuaGameOnSessionUnitTest"/>
  <testcase name="performRefreshSuccessTest" time="0.033" classname="com.namazustudios.socialengine.LuaGameOnSessionUnitTest"/>
  <testcase name="performAuthTest" time="0.036" classname="com.namazustudios.socialengine.LuaGameOnSessionUnitTest"/>
  <testcase name="performRefreshFailureTest" time="0.032" classname="com.namazustudios.socialengine.LuaGameOnSessionUnitTest"/>
  <testcase name="performRefreshFailureTest" time="0.036" classname="com.namazustudios.socialengine.LuaGameOnSessionUnitTest"/>
  <testcase name="performRefreshSuccessTest" time="0.028" classname="com.namazustudios.socialengine.LuaGameOnSessionUnitTest"/>
  <testcase name="performRefreshSuccessTest" time="0.035" classname="com.namazustudios.socialengine.LuaGameOnSessionUnitTest"/>
  <testcase name="performAuthTest" time="0.056" classname="com.namazustudios.socialengine.LuaGameOnSessionUnitTest"/>
  <testcase name="performRefreshFailureTest" time="0.031" classname="com.namazustudios.socialengine.LuaGameOnSessionUnitTest"/>
  <testcase name="performAuthTest" time="0.049" classname="com.namazustudios.socialengine.LuaGameOnSessionUnitTest"/>
  <testcase name="performRefreshFailureTest" time="0.030" classname="com.namazustudios.socialengine.LuaGameOnSessionUnitTest"/>
  <testcase name="performRefreshSuccessTest" time="0.034" classname="com.namazustudios.socialengine.LuaGameOnSessionUnitTest"/>
  <testcase name="performRefreshSuccessTest" time="0.030" classname="com.namazustudios.socialengine.LuaGameOnSessionUnitTest"/>
  <testcase name="performRefreshFailureTest" time="0.030" classname="com.namazustudios.socialengine.LuaGameOnSessionUnitTest"/>
  <testcase name="performAuthTest" time="0.054" classname="com.namazustudios.socialengine.LuaGameOnSessionUnitTest"/>
  <testcase name="performRefreshFailureTest" time="0.033" classname="com.namazustudios.socialengine.LuaGameOnSessionUnitTest"/>
  <testcase name="performRefreshSuccessTest" time="0.043" classname="com.namazustudios.socialengine.LuaGameOnSessionUnitTest"/>
  <testcase name="performRefreshSuccessTest" time="0.034" classname="com.namazustudios.socialengine.LuaGameOnSessionUnitTest"/>
  <testcase name="performAuthTest" time="0.040" classname="com.namazustudios.socialengine.LuaGameOnSessionUnitTest"/>
  <testcase name="performRefreshSuccessTest" time="0.036" classname="com.namazustudios.socialengine.LuaGameOnSessionUnitTest"/>
  <testcase name="performRefreshFailureTest" time="0.032" classname="com.namazustudios.socialengine.LuaGameOnSessionUnitTest"/>
  <testcase name="performAuthTest" time="0.042" classname="com.namazustudios.socialengine.LuaGameOnSessionUnitTest"/>
  <testcase name="performAuthTest" time="0.037" classname="com.namazustudios.socialengine.LuaGameOnSessionUnitTest"/>
  <testcase name="performRefreshFailureTest" time="0.038" classname="com.namazustudios.socialengine.LuaGameOnSessionUnitTest"/>
  <testcase name="performRefreshSuccessTest" time="0.032" classname="com.namazustudios.socialengine.LuaGameOnSessionUnitTest"/>
  <testcase name="performRefreshFailureTest" time="0.039" classname="com.namazustudios.socialengine.LuaGameOnSessionUnitTest"/>
  <testcase name="performAuthTest" time="0.040" classname="com.namazustudios.socialengine.LuaGameOnSessionUnitTest"/>
  <testcase name="performRefreshFailureTest" time="0.033" classname="com.namazustudios.socialengine.LuaGameOnSessionUnitTest"/>
  <testcase name="performRefreshSuccessTest" time="0.048" classname="com.namazustudios.socialengine.LuaGameOnSessionUnitTest"/>
  <testcase name="performRefreshFailureTest" time="0.037" classname="com.namazustudios.socialengine.LuaGameOnSessionUnitTest"/>
  <testcase name="performRefreshFailureTest" time="0.033" classname="com.namazustudios.socialengine.LuaGameOnSessionUnitTest"/>
  <testcase name="performAuthTest" time="0.044" classname="com.namazustudios.socialengine.LuaGameOnSessionUnitTest"/>
  <testcase name="performRefreshSuccessTest" time="0.036" classname="com.namazustudios.socialengine.LuaGameOnSessionUnitTest"/>
  <testcase name="performRefreshSuccessTest" time="0.035" classname="com.namazustudios.socialengine.LuaGameOnSessionUnitTest"/>
  <testcase name="performRefreshSuccessTest" time="0.033" classname="com.namazustudios.socialengine.LuaGameOnSessionUnitTest"/>
  <testcase name="performRefreshSuccessTest" time="0.047" classname="com.namazustudios.socialengine.LuaGameOnSessionUnitTest"/>
  <testcase name="performRefreshSuccessTest" time="0.030" classname="com.namazustudios.socialengine.LuaGameOnSessionUnitTest"/>
  <testcase name="performAuthTest" time="0.037" classname="com.namazustudios.socialengine.LuaGameOnSessionUnitTest"/>
  <testcase name="performAuthTest" time="0.041" classname="com.namazustudios.socialengine.LuaGameOnSessionUnitTest"/>
  <testcase name="performAuthTest" time="0.040" classname="com.namazustudios.socialengine.LuaGameOnSessionUnitTest"/>
  <testcase name="performRefreshFailureTest" time="0.033" classname="com.namazustudios.socialengine.LuaGameOnSessionUnitTest"/>
  <testcase name="performRefreshSuccessTest" time="0.035" classname="com.namazustudios.socialengine.LuaGameOnSessionUnitTest"/>
  <testcase name="performRefreshFailureTest" time="0.031" classname="com.namazustudios.socialengine.LuaGameOnSessionUnitTest"/>
  <testcase name="performAuthTest" time="0.073" classname="com.namazustudios.socialengine.LuaGameOnSessionUnitTest"/>
  <testcase name="performRefreshFailureTest" time="0.030" classname="com.namazustudios.socialengine.LuaGameOnSessionUnitTest"/>
  <testcase name="performRefreshSuccessTest" time="0.030" classname="com.namazustudios.socialengine.LuaGameOnSessionUnitTest"/>
  <testcase name="performRefreshSuccessTest" time="0.036" classname="com.namazustudios.socialengine.LuaGameOnSessionUnitTest"/>
  <testcase name="performAuthTest" time="0.055" classname="com.namazustudios.socialengine.LuaGameOnSessionUnitTest"/>
  <testcase name="performAuthTest" time="0.048" classname="com.namazustudios.socialengine.LuaGameOnSessionUnitTest"/>
  <testcase name="performRefreshSuccessTest" time="0.038" classname="com.namazustudios.socialengine.LuaGameOnSessionUnitTest"/>
  <testcase name="performRefreshFailureTest" time="0.029" classname="com.namazustudios.socialengine.LuaGameOnSessionUnitTest"/>
  <testcase name="performRefreshFailureTest" time="0.032" classname="com.namazustudios.socialengine.LuaGameOnSessionUnitTest"/>
  <testcase name="performAuthTest" time="0.042" classname="com.namazustudios.socialengine.LuaGameOnSessionUnitTest"/>
  <testcase name="performRefreshFailureTest" time="0.048" classname="com.namazustudios.socialengine.LuaGameOnSessionUnitTest"/>
  <testcase name="performAuthTest" time="0.040" classname="com.namazustudios.socialengine.LuaGameOnSessionUnitTest"/>
  <testcase name="performRefreshSuccessTest" time="0.034" classname="com.namazustudios.socialengine.LuaGameOnSessionUnitTest"/>
  <testcase name="performRefreshFailureTest" time="0.031" classname="com.namazustudios.socialengine.LuaGameOnSessionUnitTest"/>
  <testcase name="performAuthTest" time="0.041" classname="com.namazustudios.socialengine.LuaGameOnSessionUnitTest"/>
  <testcase name="performAuthTest" time="0.040" classname="com.namazustudios.socialengine.LuaGameOnSessionUnitTest"/>
  <testcase name="performRefreshFailureTest" time="0.036" classname="com.namazustudios.socialengine.LuaGameOnSessionUnitTest"/>
  <testcase name="performAuthTest" time="0.040" classname="com.namazustudios.socialengine.LuaGameOnSessionUnitTest"/>
  <testcase name="performRefreshFailureTest" time="0.034" classname="com.namazustudios.socialengine.LuaGameOnSessionUnitTest"/>
  <testcase name="performRefreshFailureTest" time="0.035" classname="com.namazustudios.socialengine.LuaGameOnSessionUnitTest"/>
  <testcase name="performAuthTest" time="0.045" classname="com.namazustudios.socialengine.LuaGameOnSessionUnitTest"/>
  <testcase name="performRefreshSuccessTest" time="0.035" classname="com.namazustudios.socialengine.LuaGameOnSessionUnitTest"/>
  <testcase name="performAuthTest" time="0.044" classname="com.namazustudios.socialengine.LuaGameOnSessionUnitTest"/>
  <testcase name="performRefreshFailureTest" time="0.031" classname="com.namazustudios.socialengine.LuaGameOnSessionUnitTest"/>
  <testcase name="performAuthTest" time="0.039" classname="com.namazustudios.socialengine.LuaGameOnSessionUnitTest"/>
  <testcase name="performAuthTest" time="0.058" classname="com.namazustudios.socialengine.LuaGameOnSessionUnitTest"/>
  <testcase name="performAuthTest" time="0.035" classname="com.namazustudios.socialengine.LuaGameOnSessionUnitTest"/>
  <testcase name="performRefreshSuccessTest" time="0.045" classname="com.namazustudios.socialengine.LuaGameOnSessionUnitTest"/>
  <testcase name="performRefreshSuccessTest" time="0.034" classname="com.namazustudios.socialengine.LuaGameOnSessionUnitTest"/>
  <testcase name="performRefreshFailureTest" time="0.032" classname="com.namazustudios.socialengine.LuaGameOnSessionUnitTest"/>
  <testcase name="performRefreshFailureTest" time="0.031" classname="com.namazustudios.socialengine.LuaGameOnSessionUnitTest"/>
  <testcase name="performMatchClientTest" time="0.041" classname="com.namazustudios.socialengine.LuaGameOnSessionUnitTest"/>
  <testcase name="performRefreshSuccessTest" time="0.031" classname="com.namazustudios.socialengine.LuaGameOnSessionUnitTest"/>
  <testcase name="performRefreshSuccessTest" time="0.032" classname="com.namazustudios.socialengine.LuaGameOnSessionUnitTest"/>
  <testcase name="performRefreshSuccessTest" time="0.034" classname="com.namazustudios.socialengine.LuaGameOnSessionUnitTest"/>
  <testcase name="performRefreshSuccessTest" time="0.039" classname="com.namazustudios.socialengine.LuaGameOnSessionUnitTest"/>
  <testcase name="performAuthTest" time="0.036" classname="com.namazustudios.socialengine.LuaGameOnSessionUnitTest"/>
  <testcase name="performRefreshSuccessTest" time="0.033" classname="com.namazustudios.socialengine.LuaGameOnSessionUnitTest"/>
  <testcase name="performRefreshFailureTest" time="0.029" classname="com.namazustudios.socialengine.LuaGameOnSessionUnitTest"/>
  <testcase name="performRefreshFailureTest" time="0.032" classname="com.namazustudios.socialengine.LuaGameOnSessionUnitTest"/>
  <testcase name="performRefreshSuccessTest" time="0.036" classname="com.namazustudios.socialengine.LuaGameOnSessionUnitTest"/>
  <testcase name="performRefreshFailureTest" time="0.033" classname="com.namazustudios.socialengine.LuaGameOnSessionUnitTest"/>
  <testcase name="performAuthTest" time="0.036" classname="com.namazustudios.socialengine.LuaGameOnSessionUnitTest"/>
  <testcase name="performAuthTest" time="0.037" classname="com.namazustudios.socialengine.LuaGameOnSessionUnitTest"/>
  <testcase name="performAuthTest" time="0.627" classname="com.namazustudios.socialengine.LuaGameOnSessionUnitTest"/>
  <testcase name="performRefreshSuccessTest" time="0.032" classname="com.namazustudios.socialengine.LuaGameOnSessionUnitTest"/>
  <testcase name="performAuthTest" time="0.049" classname="com.namazustudios.socialengine.LuaGameOnSessionUnitTest"/>
</testsuite> <!-- com.namazustudios.socialengine.LuaGameOnSessionUnitTest -->
