<?xml version="1.0" encoding="UTF-8"?>
<!-- Generated by org.testng.reporters.JUnitReportReporter -->
<testsuite skipped="0" hostname="Jeremys-MBP-2" name="com.namazustudios.socialengine.LuaGameOnRegistrationUnitTest" tests="2" failures="0" timestamp="25 Feb 2019 23:13:30 GMT" time="0.060" errors="0">
  <testcase name="performRefreshSuccessTest" time="0.029" classname="com.namazustudios.socialengine.LuaGameOnRegistrationUnitTest"/>
  <testcase name="performRefreshFailureTest" time="0.031" classname="com.namazustudios.socialengine.LuaGameOnRegistrationUnitTest"/>
</testsuite> <!-- com.namazustudios.socialengine.LuaGameOnRegistrationUnitTest -->
