<?xml version="1.0" encoding="UTF-8"?>
<!-- Generated by org.testng.reporters.JUnitReportReporter -->
<testsuite skipped="0" hostname="Jeremys-MBP-2" name="com.namazustudios.socialengine.LuaNotificationIntegrationTest" tests="1" failures="0" timestamp="25 Feb 2019 23:13:30 GMT" time="0.028" errors="0">
  <testcase name="testSendWithBuilder" time="0.028" classname="com.namazustudios.socialengine.LuaNotificationIntegrationTest"/>
</testsuite> <!-- com.namazustudios.socialengine.LuaNotificationIntegrationTest -->
