<?xml version="1.0" encoding="UTF-8"?>
<!-- Generated by org.testng.reporters.JUnitReportReporter -->
<testsuite skipped="0" hostname="Jeremys-MBP-2" name="com.namazustudios.socialengine.LuaResourceUnitTest" tests="1" failures="0" timestamp="25 Feb 2019 23:13:30 GMT" time="0.020" errors="0">
  <testcase name="performLuaTest" time="0.020" classname="com.namazustudios.socialengine.LuaResourceUnitTest"/>
</testsuite> <!-- com.namazustudios.socialengine.LuaResourceUnitTest -->
