<?xml version="1.0" encoding="UTF-8"?>
<!-- Generated by org.testng.reporters.JUnitReportReporter -->
<testsuite skipped="0" hostname="Jeremys-MBP-2" name="com.namazustudios.socialengine.LuaAuthUnitTest" tests="6" failures="0" timestamp="25 Feb 2019 23:13:30 GMT" time="0.217" errors="0">
  <testcase name="testProfileUnknown" time="0.023" classname="com.namazustudios.socialengine.LuaAuthUnitTest"/>
  <testcase name="testProfile" time="0.026" classname="com.namazustudios.socialengine.LuaAuthUnitTest"/>
  <testcase name="testAuthenticatedUser" time="0.053" classname="com.namazustudios.socialengine.LuaAuthUnitTest"/>
  <testcase name="testAuthenticatedUserRemote" time="0.052" classname="com.namazustudios.socialengine.LuaAuthUnitTest"/>
  <testcase name="testUnauthenticatedUser" time="0.022" classname="com.namazustudios.socialengine.LuaAuthUnitTest"/>
  <testcase name="testProfileRemote" time="0.041" classname="com.namazustudios.socialengine.LuaAuthUnitTest"/>
</testsuite> <!-- com.namazustudios.socialengine.LuaAuthUnitTest -->
